Determining if the pthread_create exist failed with the following output:
Change Dir: /home/dimi/workspace/rock/slam/grid_map/build/CMakeFiles/CMakeTmp

Run Build Command:"/usr/bin/make" "cmTC_f0817/fast"
/usr/bin/make -f CMakeFiles/cmTC_f0817.dir/build.make CMakeFiles/cmTC_f0817.dir/build
make[1]: Entering directory '/home/dimi/workspace/rock/slam/grid_map/build/CMakeFiles/CMakeTmp'
Building C object CMakeFiles/cmTC_f0817.dir/CheckSymbolExists.c.o
/usr/bin/cc     -o CMakeFiles/cmTC_f0817.dir/CheckSymbolExists.c.o   -c /home/dimi/workspace/rock/slam/grid_map/build/CMakeFiles/CMakeTmp/CheckSymbolExists.c
Linking C executable cmTC_f0817
/usr/bin/cmake -E cmake_link_script CMakeFiles/cmTC_f0817.dir/link.txt --verbose=1
/usr/bin/cc       CMakeFiles/cmTC_f0817.dir/CheckSymbolExists.c.o  -o cmTC_f0817 -rdynamic 
CMakeFiles/cmTC_f0817.dir/CheckSymbolExists.c.o: In function `main':
CheckSymbolExists.c:(.text+0x16): undefined reference to `pthread_create'
collect2: error: ld returned 1 exit status
CMakeFiles/cmTC_f0817.dir/build.make:97: recipe for target 'cmTC_f0817' failed
make[1]: *** [cmTC_f0817] Error 1
make[1]: Leaving directory '/home/dimi/workspace/rock/slam/grid_map/build/CMakeFiles/CMakeTmp'
Makefile:126: recipe for target 'cmTC_f0817/fast' failed
make: *** [cmTC_f0817/fast] Error 2

File /home/dimi/workspace/rock/slam/grid_map/build/CMakeFiles/CMakeTmp/CheckSymbolExists.c:
/* */
#include <pthread.h>

int main(int argc, char** argv)
{
  (void)argv;
#ifndef pthread_create
  return ((int*)(&pthread_create))[argc];
#else
  (void)argc;
  return 0;
#endif
}

Determining if the function pthread_create exists in the pthreads failed with the following output:
Change Dir: /home/dimi/workspace/rock/slam/grid_map/build/CMakeFiles/CMakeTmp

Run Build Command:"/usr/bin/make" "cmTC_3ba1b/fast"
/usr/bin/make -f CMakeFiles/cmTC_3ba1b.dir/build.make CMakeFiles/cmTC_3ba1b.dir/build
make[1]: Entering directory '/home/dimi/workspace/rock/slam/grid_map/build/CMakeFiles/CMakeTmp'
Building C object CMakeFiles/cmTC_3ba1b.dir/CheckFunctionExists.c.o
/usr/bin/cc    -DCHECK_FUNCTION_EXISTS=pthread_create   -o CMakeFiles/cmTC_3ba1b.dir/CheckFunctionExists.c.o   -c /usr/share/cmake-3.5/Modules/CheckFunctionExists.c
Linking C executable cmTC_3ba1b
/usr/bin/cmake -E cmake_link_script CMakeFiles/cmTC_3ba1b.dir/link.txt --verbose=1
/usr/bin/cc   -DCHECK_FUNCTION_EXISTS=pthread_create    CMakeFiles/cmTC_3ba1b.dir/CheckFunctionExists.c.o  -o cmTC_3ba1b -rdynamic -lpthreads 
/usr/bin/ld: cannot find -lpthreads
collect2: error: ld returned 1 exit status
CMakeFiles/cmTC_3ba1b.dir/build.make:97: recipe for target 'cmTC_3ba1b' failed
make[1]: *** [cmTC_3ba1b] Error 1
make[1]: Leaving directory '/home/dimi/workspace/rock/slam/grid_map/build/CMakeFiles/CMakeTmp'
Makefile:126: recipe for target 'cmTC_3ba1b/fast' failed
make: *** [cmTC_3ba1b/fast] Error 2


Determining if the pthread_create exist failed with the following output:
Change Dir: /home/dimi/workspace/rock/slam/grid_map/build/CMakeFiles/CMakeTmp

Run Build Command:"/usr/bin/make" "cmTC_50af7/fast"
/usr/bin/make -f CMakeFiles/cmTC_50af7.dir/build.make CMakeFiles/cmTC_50af7.dir/build
make[1]: Entering directory '/home/dimi/workspace/rock/slam/grid_map/build/CMakeFiles/CMakeTmp'
Building C object CMakeFiles/cmTC_50af7.dir/CheckSymbolExists.c.o
/usr/bin/cc     -o CMakeFiles/cmTC_50af7.dir/CheckSymbolExists.c.o   -c /home/dimi/workspace/rock/slam/grid_map/build/CMakeFiles/CMakeTmp/CheckSymbolExists.c
Linking C executable cmTC_50af7
/usr/bin/cmake -E cmake_link_script CMakeFiles/cmTC_50af7.dir/link.txt --verbose=1
/usr/bin/cc       CMakeFiles/cmTC_50af7.dir/CheckSymbolExists.c.o  -o cmTC_50af7 -rdynamic 
CMakeFiles/cmTC_50af7.dir/CheckSymbolExists.c.o: In function `main':
CheckSymbolExists.c:(.text+0x16): undefined reference to `pthread_create'
collect2: error: ld returned 1 exit status
CMakeFiles/cmTC_50af7.dir/build.make:97: recipe for target 'cmTC_50af7' failed
make[1]: *** [cmTC_50af7] Error 1
make[1]: Leaving directory '/home/dimi/workspace/rock/slam/grid_map/build/CMakeFiles/CMakeTmp'
Makefile:126: recipe for target 'cmTC_50af7/fast' failed
make: *** [cmTC_50af7/fast] Error 2

File /home/dimi/workspace/rock/slam/grid_map/build/CMakeFiles/CMakeTmp/CheckSymbolExists.c:
/* */
#include <pthread.h>

int main(int argc, char** argv)
{
  (void)argv;
#ifndef pthread_create
  return ((int*)(&pthread_create))[argc];
#else
  (void)argc;
  return 0;
#endif
}

Determining if the function pthread_create exists in the pthreads failed with the following output:
Change Dir: /home/dimi/workspace/rock/slam/grid_map/build/CMakeFiles/CMakeTmp

Run Build Command:"/usr/bin/make" "cmTC_54b7b/fast"
/usr/bin/make -f CMakeFiles/cmTC_54b7b.dir/build.make CMakeFiles/cmTC_54b7b.dir/build
make[1]: Entering directory '/home/dimi/workspace/rock/slam/grid_map/build/CMakeFiles/CMakeTmp'
Building C object CMakeFiles/cmTC_54b7b.dir/CheckFunctionExists.c.o
/usr/bin/cc    -DCHECK_FUNCTION_EXISTS=pthread_create   -o CMakeFiles/cmTC_54b7b.dir/CheckFunctionExists.c.o   -c /usr/share/cmake-3.5/Modules/CheckFunctionExists.c
Linking C executable cmTC_54b7b
/usr/bin/cmake -E cmake_link_script CMakeFiles/cmTC_54b7b.dir/link.txt --verbose=1
/usr/bin/cc   -DCHECK_FUNCTION_EXISTS=pthread_create    CMakeFiles/cmTC_54b7b.dir/CheckFunctionExists.c.o  -o cmTC_54b7b -rdynamic -lpthreads 
/usr/bin/ld: cannot find -lpthreads
collect2: error: ld returned 1 exit status
CMakeFiles/cmTC_54b7b.dir/build.make:97: recipe for target 'cmTC_54b7b' failed
make[1]: *** [cmTC_54b7b] Error 1
make[1]: Leaving directory '/home/dimi/workspace/rock/slam/grid_map/build/CMakeFiles/CMakeTmp'
Makefile:126: recipe for target 'cmTC_54b7b/fast' failed
make: *** [cmTC_54b7b/fast] Error 2


Determining if the pthread_create exist failed with the following output:
Change Dir: /home/dimi/workspace/rock/slam/grid_map/build/CMakeFiles/CMakeTmp

Run Build Command:"/usr/bin/make" "cmTC_6d7e5/fast"
/usr/bin/make -f CMakeFiles/cmTC_6d7e5.dir/build.make CMakeFiles/cmTC_6d7e5.dir/build
make[1]: Entering directory '/home/dimi/workspace/rock/slam/grid_map/build/CMakeFiles/CMakeTmp'
Building C object CMakeFiles/cmTC_6d7e5.dir/CheckSymbolExists.c.o
/usr/bin/cc     -o CMakeFiles/cmTC_6d7e5.dir/CheckSymbolExists.c.o   -c /home/dimi/workspace/rock/slam/grid_map/build/CMakeFiles/CMakeTmp/CheckSymbolExists.c
Linking C executable cmTC_6d7e5
/usr/bin/cmake -E cmake_link_script CMakeFiles/cmTC_6d7e5.dir/link.txt --verbose=1
/usr/bin/cc       CMakeFiles/cmTC_6d7e5.dir/CheckSymbolExists.c.o  -o cmTC_6d7e5 -rdynamic 
CMakeFiles/cmTC_6d7e5.dir/CheckSymbolExists.c.o: In function `main':
CheckSymbolExists.c:(.text+0x16): undefined reference to `pthread_create'
collect2: error: ld returned 1 exit status
CMakeFiles/cmTC_6d7e5.dir/build.make:97: recipe for target 'cmTC_6d7e5' failed
make[1]: *** [cmTC_6d7e5] Error 1
make[1]: Leaving directory '/home/dimi/workspace/rock/slam/grid_map/build/CMakeFiles/CMakeTmp'
Makefile:126: recipe for target 'cmTC_6d7e5/fast' failed
make: *** [cmTC_6d7e5/fast] Error 2

File /home/dimi/workspace/rock/slam/grid_map/build/CMakeFiles/CMakeTmp/CheckSymbolExists.c:
/* */
#include <pthread.h>

int main(int argc, char** argv)
{
  (void)argv;
#ifndef pthread_create
  return ((int*)(&pthread_create))[argc];
#else
  (void)argc;
  return 0;
#endif
}

Determining if the function pthread_create exists in the pthreads failed with the following output:
Change Dir: /home/dimi/workspace/rock/slam/grid_map/build/CMakeFiles/CMakeTmp

Run Build Command:"/usr/bin/make" "cmTC_07944/fast"
/usr/bin/make -f CMakeFiles/cmTC_07944.dir/build.make CMakeFiles/cmTC_07944.dir/build
make[1]: Entering directory '/home/dimi/workspace/rock/slam/grid_map/build/CMakeFiles/CMakeTmp'
Building C object CMakeFiles/cmTC_07944.dir/CheckFunctionExists.c.o
/usr/bin/cc    -DCHECK_FUNCTION_EXISTS=pthread_create   -o CMakeFiles/cmTC_07944.dir/CheckFunctionExists.c.o   -c /usr/share/cmake-3.5/Modules/CheckFunctionExists.c
Linking C executable cmTC_07944
/usr/bin/cmake -E cmake_link_script CMakeFiles/cmTC_07944.dir/link.txt --verbose=1
/usr/bin/cc   -DCHECK_FUNCTION_EXISTS=pthread_create    CMakeFiles/cmTC_07944.dir/CheckFunctionExists.c.o  -o cmTC_07944 -rdynamic -lpthreads 
/usr/bin/ld: cannot find -lpthreads
collect2: error: ld returned 1 exit status
CMakeFiles/cmTC_07944.dir/build.make:97: recipe for target 'cmTC_07944' failed
make[1]: *** [cmTC_07944] Error 1
make[1]: Leaving directory '/home/dimi/workspace/rock/slam/grid_map/build/CMakeFiles/CMakeTmp'
Makefile:126: recipe for target 'cmTC_07944/fast' failed
make: *** [cmTC_07944/fast] Error 2


